[debug] [2022-09-02T06:44:48.345Z] ----------------------------------------------------------------------
[debug] [2022-09-02T06:44:48.348Z] Command:       C:\Program Files\nodejs\node.exe C:\Program Files\nodejs\node_modules\firebase-tools\lib\bin\firebase.js init
[debug] [2022-09-02T06:44:48.349Z] CLI Version:   11.8.0
[debug] [2022-09-02T06:44:48.349Z] Platform:      win32
[debug] [2022-09-02T06:44:48.349Z] Node Version:  v14.18.0
[debug] [2022-09-02T06:44:48.350Z] Time:          Fri Sep 02 2022 12:14:48 GMT+0530 (India Standard Time)
[debug] [2022-09-02T06:44:48.350Z] ----------------------------------------------------------------------
[debug] 
[debug] [2022-09-02T06:44:48.354Z] >>> [apiv2][query] GET https://firebase-public.firebaseio.com/cli.json [none]
[debug] [2022-09-02T06:44:48.382Z] > command requires scopes: ["email","openid","https://www.googleapis.com/auth/cloudplatformprojects.readonly","https://www.googleapis.com/auth/firebase","https://www.googleapis.com/auth/cloud-platform"]
[debug] [2022-09-02T06:44:48.382Z] > authorizing via signed-in user (gurjantrandhawa74456@gmail.com)
[info] 
     ######## #### ########  ######## ########     ###     ######  ########
     ##        ##  ##     ## ##       ##     ##  ##   ##  ##       ##
     ######    ##  ########  ######   ########  #########  ######  ######
     ##        ##  ##    ##  ##       ##     ## ##     ##       ## ##
     ##       #### ##     ## ######## ########  ##     ##  ######  ########

You're about to initialize a Firebase project in this directory:

  C:\Users\Dell\WebstormProjects\facebook-login-page

[debug] [2022-09-02T06:44:49.120Z] <<< [apiv2][status] GET https://firebase-public.firebaseio.com/cli.json 200
[debug] [2022-09-02T06:44:49.121Z] <<< [apiv2][body] GET https://firebase-public.firebaseio.com/cli.json {"cloudBuildErrorAfter":1594252800000,"cloudBuildWarnAfter":1590019200000,"defaultNode10After":1594252800000,"minVersion":"3.0.5","node8DeploysDisabledAfter":1613390400000,"node8RuntimeDisabledAfter":1615809600000,"node8WarnAfter":1600128000000}
[info] 
=== Project Setup
[info] 
[info] First, let's associate this project directory with a Firebase project.
[info] You can create multiple project aliases by running firebase use --add, 
[info] but for now we'll just set up a default project.
[info] 
[debug] [2022-09-02T06:45:18.514Z] > refreshing access token with scopes: []
[debug] [2022-09-02T06:45:18.516Z] >>> [apiv2][query] POST https://www.googleapis.com/oauth2/v3/token [none]
[debug] [2022-09-02T06:45:18.516Z] >>> [apiv2][body] POST https://www.googleapis.com/oauth2/v3/token [omitted]
[debug] [2022-09-02T06:45:18.800Z] <<< [apiv2][status] POST https://www.googleapis.com/oauth2/v3/token 200
[debug] [2022-09-02T06:45:18.800Z] <<< [apiv2][body] POST https://www.googleapis.com/oauth2/v3/token [omitted]
[debug] [2022-09-02T06:45:18.836Z] >>> [apiv2][query] GET https://firebase.googleapis.com/v1beta1/projects pageSize=100
[debug] [2022-09-02T06:45:19.639Z] <<< [apiv2][status] GET https://firebase.googleapis.com/v1beta1/projects 200
[debug] [2022-09-02T06:45:19.639Z] <<< [apiv2][body] GET https://firebase.googleapis.com/v1beta1/projects [omitted]
[info] i  Using project login-facebook-7e579 (Login-Facebook) 
[info] 
=== Hosting Setup
[info] 
[info] Your public directory is the folder (relative to your project directory) that
[info] will contain Hosting assets to be uploaded with firebase deploy. If you
[info] have a build process for your assets, use your build's output directory.
[info] 
[debug] [2022-09-02T06:45:35.297Z] >>> [apiv2][query] GET https://www.gstatic.com/firebasejs/releases.json [none]
[debug] [2022-09-02T06:45:35.465Z] <<< [apiv2][status] GET https://www.gstatic.com/firebasejs/releases.json 200
[debug] [2022-09-02T06:45:35.465Z] <<< [apiv2][body] GET https://www.gstatic.com/firebasejs/releases.json {"current":{"version":"9.9.3","browserURL":"https://www.gstatic.com/firebasejs/9.9.3/firebase.js","packageURL":"https://www.gstatic.com/firebasejs/9.9.3/firebase.tgz"},"live":{"version":"9.9","browserURL":"https://www.gstatic.com/firebasejs/live/9.9/firebase.js","packageURL":"https://www.gstatic.com/firebasejs/live/9.9/firebase.tgz"},"components":{"analytics":"https://www.gstatic.com/firebasejs/9.9.3/firebase-analytics.js","app":"https://www.gstatic.com/firebasejs/9.9.3/firebase-app.js","app-check":"https://www.gstatic.com/firebasejs/9.9.3/firebase-app-check.js","auth":"https://www.gstatic.com/firebasejs/9.9.3/firebase-auth.js","auth/cordova":"https://www.gstatic.com/firebasejs/9.9.3/firebase-auth/cordova.js","auth/react-native":"https://www.gstatic.com/firebasejs/9.9.3/firebase-auth/react-native.js","functions":"https://www.gstatic.com/firebasejs/9.9.3/firebase-functions.js","firestore":"https://www.gstatic.com/firebasejs/9.9.3/firebase-firestore.js","firestore/lite":"https://www.gstatic.com/firebasejs/9.9.3/firebase-firestore/lite.js","installations":"https://www.gstatic.com/firebasejs/9.9.3/firebase-installations.js","storage":"https://www.gstatic.com/firebasejs/9.9.3/firebase-storage.js","performance":"https://www.gstatic.com/firebasejs/9.9.3/firebase-performance.js","remote-config":"https://www.gstatic.com/firebasejs/9.9.3/firebase-remote-config.js","messaging":"https://www.gstatic.com/firebasejs/9.9.3/firebase-messaging.js","messaging/sw":"https://www.gstatic.com/firebasejs/9.9.3/firebase-messaging/sw.js","database":"https://www.gstatic.com/firebasejs/9.9.3/firebase-database.js","firestore.memory":"https://www.gstatic.com/firebasejs/9.9.3/firebase-firestore.memory.js"}}
[info] +  Wrote public/index.html 
[info] 
[info] i  Detected a .git folder at C:\Users\Dell 
[info] i  Authorizing with GitHub to upload your service account to a GitHub repository's secrets store. 
[info] 
[info] Visit this URL on this device to log in:
[info] https://github.com/login/oauth/authorize?client_id=89cf50f02ac6aaed3484&state=675112744&redirect_uri=http%3A%2F%2Flocalhost%3A9005&scope=read%3Auser%20repo%20public_repo
[info] 
[info] Waiting for authentication...
[debug] [2022-09-02T06:45:46.630Z] >>> [apiv2][query] POST https://github.com/login/oauth/access_token [none]
[debug] [2022-09-02T06:45:46.630Z] >>> [apiv2][body] POST https://github.com/login/oauth/access_token [stream]
[debug] [2022-09-02T06:45:47.110Z] <<< [apiv2][status] POST https://github.com/login/oauth/access_token 200
[debug] [2022-09-02T06:45:47.111Z] <<< [apiv2][body] POST https://github.com/login/oauth/access_token {"access_token":"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","token_type":"bearer","scope":"read:user,repo"}
[debug] [2022-09-02T06:45:47.126Z] >>> [apiv2][query] GET https://api.github.com/user [none]
[debug] [2022-09-02T06:45:47.625Z] <<< [apiv2][status] GET https://api.github.com/user 200
[debug] [2022-09-02T06:45:47.625Z] <<< [apiv2][body] GET https://api.github.com/user {"login":"Gurjantrandahwa","id":101963722,"node_id":"U_kgDOBhPXyg","avatar_url":"https://avatars.githubusercontent.com/u/101963722?v=4","gravatar_id":"","url":"https://api.github.com/users/Gurjantrandahwa","html_url":"https://github.com/Gurjantrandahwa","followers_url":"https://api.github.com/users/Gurjantrandahwa/followers","following_url":"https://api.github.com/users/Gurjantrandahwa/following{/other_user}","gists_url":"https://api.github.com/users/Gurjantrandahwa/gists{/gist_id}","starred_url":"https://api.github.com/users/Gurjantrandahwa/starred{/owner}{/repo}","subscriptions_url":"https://api.github.com/users/Gurjantrandahwa/subscriptions","organizations_url":"https://api.github.com/users/Gurjantrandahwa/orgs","repos_url":"https://api.github.com/users/Gurjantrandahwa/repos","events_url":"https://api.github.com/users/Gurjantrandahwa/events{/privacy}","received_events_url":"https://api.github.com/users/Gurjantrandahwa/received_events","type":"User","site_admin":false,"name":"Gurjant Singh","company":null,"blog":"","location":null,"email":null,"hireable":null,"bio":"React.js, JavaScript, CSS and HTML ","twitter_username":null,"public_repos":20,"public_gists":0,"followers":0,"following":0,"created_at":"2022-03-20T06:00:36Z","updated_at":"2022-08-31T11:33:17Z","private_gists":7,"total_private_repos":0,"owned_private_repos":0,"disk_usage":77187,"collaborators":0,"two_factor_authentication":false,"plan":{"name":"free","space":976562499,"collaborators":0,"private_repos":10000}}
[info] 
[info] +  Success! Logged into GitHub as Gurjantrandahwa 
[info] 
[debug] [2022-09-02T06:46:09.998Z] >>> [apiv2][query] GET https://api.github.com/repos//actions/secrets/public-key type=owner
[debug] [2022-09-02T06:46:10.397Z] <<< [apiv2][status] GET https://api.github.com/repos//actions/secrets/public-key 404
[debug] [2022-09-02T06:46:10.398Z] <<< [apiv2][body] GET https://api.github.com/repos//actions/secrets/public-key {"message":"Not Found","documentation_url":"https://docs.github.com/rest"}
[debug] [2022-09-02T06:46:12.631Z] >>> [apiv2][query] GET https://api.github.com/repos//actions/secrets/public-key type=owner
[debug] [2022-09-02T06:46:13.016Z] <<< [apiv2][status] GET https://api.github.com/repos//actions/secrets/public-key 404
[debug] [2022-09-02T06:46:13.016Z] <<< [apiv2][body] GET https://api.github.com/repos//actions/secrets/public-key {"message":"Not Found","documentation_url":"https://docs.github.com/rest"}
[debug] [2022-09-02T06:49:46.560Z] >>> [apiv2][query] GET https://api.github.com/repos/gujantrandahwa/login-facebook/actions/secrets/public-key type=owner
[debug] [2022-09-02T06:49:46.985Z] <<< [apiv2][status] GET https://api.github.com/repos/gujantrandahwa/login-facebook/actions/secrets/public-key 404
[debug] [2022-09-02T06:49:46.985Z] <<< [apiv2][body] GET https://api.github.com/repos/gujantrandahwa/login-facebook/actions/secrets/public-key {"message":"Not Found","documentation_url":"https://docs.github.com/rest/reference/actions#get-a-repository-public-key"}
[debug] [2022-09-02T06:49:48.145Z] >>> [apiv2][query] GET https://api.github.com/repos/gujantrandahwa/login-facebook/actions/secrets/public-key type=owner
[debug] [2022-09-02T06:49:48.542Z] <<< [apiv2][status] GET https://api.github.com/repos/gujantrandahwa/login-facebook/actions/secrets/public-key 404
[debug] [2022-09-02T06:49:48.543Z] <<< [apiv2][body] GET https://api.github.com/repos/gujantrandahwa/login-facebook/actions/secrets/public-key {"message":"Not Found","documentation_url":"https://docs.github.com/rest/reference/actions#get-a-repository-public-key"}
[debug] [2022-09-02T06:50:20.339Z] >>> [apiv2][query] GET https://api.github.com/repos/Gujantrandahwa/login-facebook/actions/secrets/public-key type=owner
[debug] [2022-09-02T06:50:20.746Z] <<< [apiv2][status] GET https://api.github.com/repos/Gujantrandahwa/login-facebook/actions/secrets/public-key 404
[debug] [2022-09-02T06:50:20.747Z] <<< [apiv2][body] GET https://api.github.com/repos/Gujantrandahwa/login-facebook/actions/secrets/public-key {"message":"Not Found","documentation_url":"https://docs.github.com/rest/reference/actions#get-a-repository-public-key"}
[debug] [2022-09-02T06:50:21.982Z] >>> [apiv2][query] GET https://api.github.com/repos/Gujantrandahwa/login-facebook/actions/secrets/public-key type=owner
[debug] [2022-09-02T06:50:22.380Z] <<< [apiv2][status] GET https://api.github.com/repos/Gujantrandahwa/login-facebook/actions/secrets/public-key 404
[debug] [2022-09-02T06:50:22.381Z] <<< [apiv2][body] GET https://api.github.com/repos/Gujantrandahwa/login-facebook/actions/secrets/public-key {"message":"Not Found","documentation_url":"https://docs.github.com/rest/reference/actions#get-a-repository-public-key"}
